<?xml version="1.0" encoding="UTF-8"?>
<!-- Generated by org.testng.reporters.JUnitReportReporter -->
<testsuite hostname="DESKTOP-GGQ6OF8" failures="0" tests="1" name="com.DEMOQA.Testlayer.RadioButton" time="54.091" errors="0" timestamp="2024-12-07T22:48:54 IST" skipped="0">
  <testcase classname="com.DEMOQA.Testlayer.RadioButton" name="verifybuttons" time="54.091"/>
</testsuite> <!-- com.DEMOQA.Testlayer.RadioButton -->
