<?xml version="1.0" encoding="UTF-8"?>
<!-- Generated by org.testng.reporters.JUnitReportReporter -->
<testsuite hostname="DESKTOP-GGQ6OF8" failures="0" tests="1" name="com.DEMOQA.Testlayer.SwagTest" time="3.374" errors="0" timestamp="2024-12-09T22:36:59 IST" skipped="0">
  <testcase classname="com.DEMOQA.Testlayer.SwagTest" name="verifyloginfunctionality" time="3.374"/>
</testsuite> <!-- com.DEMOQA.Testlayer.SwagTest -->
