<?xml version="1.0" encoding="UTF-8"?>
<!-- Generated by org.testng.reporters.JUnitReportReporter -->
<testsuite hostname="DESKTOP-GGQ6OF8" failures="0" tests="1" name="com.DEMOQA.Testlayer.DragandDropTest" time="9.698" errors="0" timestamp="2024-12-08T12:51:12 IST" skipped="0">
  <testcase classname="com.DEMOQA.Testlayer.DragandDropTest" name="verifyselctabletest" time="9.698"/>
</testsuite> <!-- com.DEMOQA.Testlayer.DragandDropTest -->
