<?xml version="1.0" encoding="UTF-8"?>
<!-- Generated by org.testng.reporters.JUnitReportReporter -->
<testsuite hostname="DESKTOP-GGQ6OF8" failures="0" tests="1" name="com.DEMOQA.Testlayer.AlertTest" time="30.833" errors="0" timestamp="2024-12-08T11:16:48 IST" skipped="0">
  <testcase classname="com.DEMOQA.Testlayer.AlertTest" name="verifyalerttest" time="30.833"/>
</testsuite> <!-- com.DEMOQA.Testlayer.AlertTest -->
