<?xml version="1.0" encoding="UTF-8"?>
<!-- Generated by org.testng.reporters.JUnitReportReporter -->
<testsuite hostname="DESKTOP-GGQ6OF8" failures="0" tests="1" name="com.DEMOQA.Testlayer.Textbox" time="8.578" errors="0" timestamp="2024-11-16T21:39:35 IST" skipped="0">
  <testcase classname="com.DEMOQA.Testlayer.Textbox" name="verifytextboxtest" time="8.578"/>
</testsuite> <!-- com.DEMOQA.Testlayer.Textbox -->
