<?xml version="1.0" encoding="UTF-8"?>
<!-- Generated by org.testng.reporters.JUnitReportReporter -->
<testsuite hostname="DESKTOP-GGQ6OF8" failures="0" tests="1" name="com.DEMOQA.Testlayer.Textbox" time="76.907" errors="0" timestamp="2024-12-08T12:02:44 IST" skipped="0">
  <testcase classname="com.DEMOQA.Testlayer.Textbox" name="verifyform" time="76.907"/>
</testsuite> <!-- com.DEMOQA.Testlayer.Textbox -->
