<?xml version="1.0" encoding="UTF-8"?>
<!-- Generated by org.testng.reporters.JUnitReportReporter -->
<testsuite hostname="DESKTOP-GGQ6OF8" failures="0" tests="1" name="com.DEMOQA.Testlayer.Textbox" time="8.726" errors="0" timestamp="2024-11-18T22:49:02 IST" skipped="0">
  <testcase classname="com.DEMOQA.Testlayer.Textbox" name="verifyradiobutton" time="8.726"/>
</testsuite> <!-- com.DEMOQA.Testlayer.Textbox -->
