<?xml version="1.0" encoding="UTF-8"?>
<!-- Generated by org.testng.reporters.JUnitReportReporter -->
<testsuite hostname="DESKTOP-GGQ6OF8" failures="0" tests="1" name="com.DEMOQA.Testlayer.handlingaction" time="55.872" errors="0" timestamp="2024-12-06T14:50:46 IST" skipped="0">
  <testcase classname="com.DEMOQA.Testlayer.handlingaction" name="handlingactions" time="55.872"/>
</testsuite> <!-- com.DEMOQA.Testlayer.handlingaction -->
