<?xml version="1.0" encoding="UTF-8"?>
<!-- Generated by org.testng.reporters.JUnitReportReporter -->
<testsuite hostname="DESKTOP-GGQ6OF8" failures="0" tests="1" name="com.DEMOQA.Testlayer.Textbox" time="7.594" errors="0" timestamp="2024-11-18T22:33:05 IST" skipped="0">
  <testcase classname="com.DEMOQA.Testlayer.Textbox" name="verifycheckbox" time="7.594"/>
</testsuite> <!-- com.DEMOQA.Testlayer.Textbox -->
